\BOOKMARK [0][-]{chapter.1}{\376\377\000I\000n\000t\000r\000o\000d\000u\000c\000t\000i\000o\000n\000\040\000t\000o\000\040\000B\000M\000L\000S}{}% 1
\BOOKMARK [1][-]{section.1.1}{\376\377\000C\000o\000n\000t\000r\000i\000b\000u\000t\000o\000r\000s}{chapter.1}% 2
\BOOKMARK [1][-]{section.1.2}{\376\377\000P\000e\000e\000r\000\040\000R\000e\000v\000i\000e\000w\000e\000r\000s}{chapter.1}% 3
\BOOKMARK [0][-]{chapter.2}{\376\377\000E\000l\000e\000m\000e\000n\000t\000-\000W\000i\000s\000e\000\040\000O\000p\000e\000r\000a\000t\000o\000r\000s}{}% 4
\BOOKMARK [1][-]{section.2.1}{\376\377\000A\000d\000d}{chapter.2}% 5
\BOOKMARK [1][-]{section.2.2}{\376\377\000S\000u\000b}{chapter.2}% 6
\BOOKMARK [1][-]{section.2.3}{\376\377\000M\000u\000l}{chapter.2}% 7
\BOOKMARK [1][-]{section.2.4}{\376\377\000D\000i\000v}{chapter.2}% 8
\BOOKMARK [1][-]{section.2.5}{\376\377\000A\000x\000i\000s\000\040\000A\000d\000d}{chapter.2}% 9
\BOOKMARK [1][-]{section.2.6}{\376\377\000A\000x\000i\000s\000\040\000S\000u\000b}{chapter.2}% 10
\BOOKMARK [1][-]{section.2.7}{\376\377\000A\000x\000i\000s\000\040\000M\000u\000l}{chapter.2}% 11
\BOOKMARK [1][-]{section.2.8}{\376\377\000A\000x\000i\000s\000\040\000D\000i\000v}{chapter.2}% 12
\BOOKMARK [1][-]{section.2.9}{\376\377\000D\000r\000o\000p\000o\000u\000t}{chapter.2}% 13
\BOOKMARK [0][-]{chapter.3}{\376\377\000A\000c\000t\000i\000v\000a\000t\000i\000o\000n\000\040\000O\000p\000e\000r\000a\000t\000o\000r\000s}{}% 14
\BOOKMARK [1][-]{section.3.1}{\376\377\000S\000i\000g\000m\000o\000i\000d}{chapter.3}% 15
\BOOKMARK [1][-]{section.3.2}{\376\377\000S\000o\000f\000t\000m\000a\000x}{chapter.3}% 16
\BOOKMARK [0][-]{chapter.4}{\376\377\000H\000i\000g\000h\000e\000r\000\040\000R\000a\000n\000k\000\040\000O\000p\000e\000r\000a\000t\000o\000r\000s}{}% 17
\BOOKMARK [1][-]{section.4.1}{\376\377\000M\000a\000t\000m\000u\000l}{chapter.4}% 18
\BOOKMARK [1][-]{section.4.2}{\376\377\000L\000R\000N}{chapter.4}% 19
\BOOKMARK [0][-]{chapter.5}{\376\377\000L\000o\000s\000s\000\040\000F\000u\000n\000c\000t\000i\000o\000n\000s}{}% 20
\BOOKMARK [1][-]{section.5.1}{\376\377\000M\000S\000E}{chapter.5}% 21
\BOOKMARK [1][-]{section.5.2}{\376\377\000M\000A\000E}{chapter.5}% 22
